<?xml version="1.0" encoding="UTF-8"?>
<!-- Generated by org.testng.reporters.JUnitReportReporter -->
<testsuite hostname="SosoOthman" failures="0" tests="4" name="TestCases" time="24.262" errors="0" timestamp="2025-03-14T06:43:03 PDT" skipped="0">
  <testcase classname="TestCases" name="SignUp" time="10.894"/>
  <system-out/>
  <testcase classname="TestCases" name="LogOut" time="1.592"/>
  <system-out/>
  <testcase classname="TestCases" name="LogIn" time="3.388"/>
  <system-out/>
  <testcase classname="TestCases" name="AddItemToTheCart" time="8.388"/>
  <system-out/>
</testsuite> <!-- TestCases -->
